2021-11-07 07:30:30.957+0000 WARN [o.n.i.p.PageCache] The dbms.memory.pagecache.size setting has not been configured. It is recommended that this setting is always explicitly configured, to ensure the system has a balanced configuration. Until then, a computed heuristic value of 3221225472 bytes will be used instead. Run `neo4j-admin memrec` for memory configuration suggestions.
2021-11-07 07:30:32.208+0000 INFO [o.n.k.i.f.CommunityEditionModule] No locking implementation specified, defaulting to 'community'
2021-11-07 07:30:32.694+0000 INFO [o.n.k.AvailabilityGuard] Requirement makes database unavailable: Database available
2021-11-07 07:30:32.745+0000 INFO [o.n.k.i.DiagnosticsManager] --- INITIALIZED diagnostics START ---
2021-11-07 07:30:32.746+0000 INFO [o.n.k.i.DiagnosticsManager] Neo4j Kernel properties:
2021-11-07 07:30:32.746+0000 INFO [o.n.k.i.DiagnosticsManager] dbms.connector.http.enabled=true
2021-11-07 07:30:32.746+0000 INFO [o.n.k.i.DiagnosticsManager] dbms.security.auth_enabled=false
2021-11-07 07:30:32.746+0000 INFO [o.n.k.i.DiagnosticsManager] dbms.windows_service_name=neo4j
2021-11-07 07:30:32.746+0000 INFO [o.n.k.i.DiagnosticsManager] dbms.connector.http.listen_address=localhost:7474
2021-11-07 07:30:32.746+0000 INFO [o.n.k.i.DiagnosticsManager] dbms.connector.https.listen_address=localhost:7473
2021-11-07 07:30:32.746+0000 INFO [o.n.k.i.DiagnosticsManager] unsupported.dbms.directories.neo4j_home=/Users/ryobo/Desktop/task3/myapp/db/neo4j/development
2021-11-07 07:30:32.747+0000 INFO [o.n.k.i.DiagnosticsManager] dbms.connector.bolt.listen_address=localhost:7472
2021-11-07 07:30:32.747+0000 INFO [o.n.k.i.DiagnosticsManager] dbms.directories.import=import
2021-11-07 07:30:32.747+0000 INFO [o.n.k.i.DiagnosticsManager] unsupported.dbms.edition=community
2021-11-07 07:30:32.747+0000 INFO [o.n.k.i.DiagnosticsManager] dbms.connector.bolt.enabled=true
2021-11-07 07:30:32.747+0000 INFO [o.n.k.i.DiagnosticsManager] dbms.connector.https.enabled=false
2021-11-07 07:30:32.748+0000 INFO [o.n.k.i.DiagnosticsManager] dbms.jvm.additional=-Dunsupported.dbms.udc.source=tarball
2021-11-07 07:30:32.748+0000 INFO [o.n.k.i.DiagnosticsManager] dbms.tx_log.rotation.retention_policy=1 days
2021-11-07 07:30:32.748+0000 INFO [o.n.k.i.DiagnosticsManager] Diagnostics providers:
2021-11-07 07:30:32.748+0000 INFO [o.n.k.i.DiagnosticsManager] org.neo4j.kernel.configuration.Config
2021-11-07 07:30:32.748+0000 INFO [o.n.k.i.DiagnosticsManager] org.neo4j.kernel.info.DiagnosticsManager
2021-11-07 07:30:32.748+0000 INFO [o.n.k.i.DiagnosticsManager] SYSTEM_MEMORY
2021-11-07 07:30:32.748+0000 INFO [o.n.k.i.DiagnosticsManager] JAVA_MEMORY
2021-11-07 07:30:32.748+0000 INFO [o.n.k.i.DiagnosticsManager] OPERATING_SYSTEM
2021-11-07 07:30:32.748+0000 INFO [o.n.k.i.DiagnosticsManager] JAVA_VIRTUAL_MACHINE
2021-11-07 07:30:32.749+0000 INFO [o.n.k.i.DiagnosticsManager] CLASSPATH
2021-11-07 07:30:32.749+0000 INFO [o.n.k.i.DiagnosticsManager] LIBRARY_PATH
2021-11-07 07:30:32.749+0000 INFO [o.n.k.i.DiagnosticsManager] SYSTEM_PROPERTIES
2021-11-07 07:30:32.749+0000 INFO [o.n.k.i.DiagnosticsManager] TIMEZONE_DATABASE
2021-11-07 07:30:32.749+0000 INFO [o.n.k.i.DiagnosticsManager] NETWORK
2021-11-07 07:30:32.749+0000 INFO [o.n.k.i.DiagnosticsManager] System memory information:
2021-11-07 07:30:32.764+0000 INFO [o.n.k.i.DiagnosticsManager] Total Physical memory: 8.00 GB
2021-11-07 07:30:32.765+0000 INFO [o.n.k.i.DiagnosticsManager] Free Physical memory: 37.97 MB
2021-11-07 07:30:32.766+0000 INFO [o.n.k.i.DiagnosticsManager] Committed virtual memory: 7.58 GB
2021-11-07 07:30:32.767+0000 INFO [o.n.k.i.DiagnosticsManager] Total swap space: 1.00 GB
2021-11-07 07:30:32.768+0000 INFO [o.n.k.i.DiagnosticsManager] Free swap space: 660.25 MB
2021-11-07 07:30:32.768+0000 INFO [o.n.k.i.DiagnosticsManager] JVM memory information:
2021-11-07 07:30:32.768+0000 INFO [o.n.k.i.DiagnosticsManager] Free  memory: 60.94 MB
2021-11-07 07:30:32.768+0000 INFO [o.n.k.i.DiagnosticsManager] Total memory: 128.00 MB
2021-11-07 07:30:32.770+0000 INFO [o.n.k.i.DiagnosticsManager] Max   memory: 2.00 GB
2021-11-07 07:30:32.781+0000 INFO [o.n.k.i.DiagnosticsManager] Garbage Collector: G1 Young Generation: [G1 Eden Space, G1 Survivor Space, G1 Old Gen]
2021-11-07 07:30:32.781+0000 INFO [o.n.k.i.DiagnosticsManager] Garbage Collector: G1 Old Generation: [G1 Eden Space, G1 Survivor Space, G1 Old Gen]
2021-11-07 07:30:32.784+0000 INFO [o.n.k.i.DiagnosticsManager] Memory Pool: Code Cache (Non-heap memory): committed=5.69 MB, used=5.61 MB, max=240.00 MB, threshold=0.00 B
2021-11-07 07:30:32.784+0000 INFO [o.n.k.i.DiagnosticsManager] Memory Pool: Metaspace (Non-heap memory): committed=15.38 MB, used=14.43 MB, max=-1.00 B, threshold=0.00 B
2021-11-07 07:30:32.785+0000 INFO [o.n.k.i.DiagnosticsManager] Memory Pool: Compressed Class Space (Non-heap memory): committed=2.13 MB, used=1.90 MB, max=1.00 GB, threshold=0.00 B
2021-11-07 07:30:32.785+0000 INFO [o.n.k.i.DiagnosticsManager] Memory Pool: G1 Eden Space (Heap memory): committed=77.00 MB, used=62.00 MB, max=-1.00 B, threshold=?
2021-11-07 07:30:32.788+0000 INFO [o.n.k.i.DiagnosticsManager] Memory Pool: G1 Survivor Space (Heap memory): committed=3.00 MB, used=3.00 MB, max=-1.00 B, threshold=?
2021-11-07 07:30:32.788+0000 INFO [o.n.k.i.DiagnosticsManager] Memory Pool: G1 Old Gen (Heap memory): committed=48.00 MB, used=2.06 MB, max=2.00 GB, threshold=0.00 B
2021-11-07 07:30:32.788+0000 INFO [o.n.k.i.DiagnosticsManager] Operating system information:
2021-11-07 07:30:32.795+0000 INFO [o.n.k.i.DiagnosticsManager] Operating System: Mac OS X; version: 10.15.7; arch: x86_64; cpus: 4
2021-11-07 07:30:32.796+0000 INFO [o.n.k.i.DiagnosticsManager] Max number of file descriptors: 10240
2021-11-07 07:30:32.797+0000 INFO [o.n.k.i.DiagnosticsManager] Number of open file descriptors: 118
2021-11-07 07:30:32.950+0000 INFO [o.n.k.i.DiagnosticsManager] Process id: 6911@aebaryouheinoMacBook-ea.local
2021-11-07 07:30:32.951+0000 INFO [o.n.k.i.DiagnosticsManager] Byte order: LITTLE_ENDIAN
2021-11-07 07:30:32.964+0000 INFO [o.n.k.i.DiagnosticsManager] Local timezone: Asia/Tokyo
2021-11-07 07:30:32.964+0000 INFO [o.n.k.i.DiagnosticsManager] JVM information:
2021-11-07 07:30:32.964+0000 INFO [o.n.k.i.DiagnosticsManager] VM Name: OpenJDK 64-Bit Server VM
2021-11-07 07:30:32.964+0000 INFO [o.n.k.i.DiagnosticsManager] VM Vendor: AdoptOpenJDK
2021-11-07 07:30:32.964+0000 INFO [o.n.k.i.DiagnosticsManager] VM Version: 25.292-b10
2021-11-07 07:30:32.964+0000 INFO [o.n.k.i.DiagnosticsManager] JIT compiler: HotSpot 64-Bit Tiered Compilers
2021-11-07 07:30:32.965+0000 INFO [o.n.k.i.DiagnosticsManager] VM Arguments: [-XX:+UseG1GC, -XX:-OmitStackTraceInFastThrow, -XX:+AlwaysPreTouch, -XX:+UnlockExperimentalVMOptions, -XX:+TrustFinalNonStaticFields, -XX:+DisableExplicitGC, -Djdk.tls.ephemeralDHKeySize=2048, -Djdk.tls.rejectClientInitiatedRenegotiation=true, -Dunsupported.dbms.udc.source=tarball, -Dfile.encoding=UTF-8]
2021-11-07 07:30:32.965+0000 INFO [o.n.k.i.DiagnosticsManager] Java classpath:
2021-11-07 07:30:32.968+0000 INFO [o.n.k.i.DiagnosticsManager]  [classpath + loader.0] file:/Users/ryobo/Desktop/task3/myapp/db/neo4j/development/lib/neo4j-primitive-collections-3.4.1.jar
2021-11-07 07:30:32.971+0000 INFO [o.n.k.i.DiagnosticsManager]  [classpath + loader.0] file:/Users/ryobo/Desktop/task3/myapp/db/neo4j/development/lib/neo4j-cypher-compiler-3.1-3.1.8.jar
2021-11-07 07:30:32.971+0000 INFO [o.n.k.i.DiagnosticsManager]  [classpath + loader.0] file:/Users/ryobo/Desktop/task3/myapp/db/neo4j/development/lib/neo4j-procedure-api-3.4.1.jar
2021-11-07 07:30:32.971+0000 INFO [o.n.k.i.DiagnosticsManager]  [classpath + loader.0] file:/Users/ryobo/Desktop/task3/myapp/db/neo4j/development/lib/neo4j-index-3.4.1.jar
2021-11-07 07:30:32.971+0000 INFO [o.n.k.i.DiagnosticsManager]  [classpath + loader.0] file:/Users/ryobo/Desktop/task3/myapp/db/neo4j/development/lib/neo4j-kernel-3.4.1.jar
2021-11-07 07:30:32.972+0000 INFO [o.n.k.i.DiagnosticsManager]  [classpath + loader.0] file:/Users/ryobo/Desktop/task3/myapp/db/neo4j/development/lib/openCypher-frontend-1-3.4.1.jar
2021-11-07 07:30:32.972+0000 INFO [o.n.k.i.DiagnosticsManager]  [classpath + loader.0] file:/Users/ryobo/Desktop/task3/myapp/db/neo4j/development/lib/jetty-server-9.4.8.v20171121.jar
2021-11-07 07:30:32.972+0000 INFO [o.n.k.i.DiagnosticsManager]  [loader.1] file:/Library/Java/JavaVirtualMachines/adoptopenjdk-8.jdk/Contents/Home/jre/lib/ext/cldrdata.jar
2021-11-07 07:30:32.972+0000 INFO [o.n.k.i.DiagnosticsManager]  [classpath + loader.0] file:/Users/ryobo/Desktop/task3/myapp/db/neo4j/development/lib/jsr311-api-1.1.2.r612.jar
2021-11-07 07:30:32.972+0000 INFO [o.n.k.i.DiagnosticsManager]  [bootstrap] /Library/Java/JavaVirtualMachines/adoptopenjdk-8.jdk/Contents/Home/jre/lib/jfr.jar
2021-11-07 07:30:32.972+0000 INFO [o.n.k.i.DiagnosticsManager]  [classpath + loader.0] file:/Users/ryobo/Desktop/task3/myapp/db/neo4j/development/lib/lucene-core-5.5.5.jar
2021-11-07 07:30:32.972+0000 INFO [o.n.k.i.DiagnosticsManager]  [classpath + loader.0] file:/Users/ryobo/Desktop/task3/myapp/db/neo4j/development/lib/neo4j-logging-3.4.1.jar
2021-11-07 07:30:32.972+0000 INFO [o.n.k.i.DiagnosticsManager]  [classpath + loader.0] file:/Users/ryobo/Desktop/task3/myapp/db/neo4j/development/lib/commons-io-2.6.jar
2021-11-07 07:30:32.973+0000 INFO [o.n.k.i.DiagnosticsManager]  [classpath + loader.0] file:/Users/ryobo/Desktop/task3/myapp/db/neo4j/development/plugins/*
2021-11-07 07:30:32.973+0000 INFO [o.n.k.i.DiagnosticsManager]  [bootstrap] /Library/Java/JavaVirtualMachines/adoptopenjdk-8.jdk/Contents/Home/jre/classes
2021-11-07 07:30:32.973+0000 INFO [o.n.k.i.DiagnosticsManager]  [classpath + loader.0] file:/Users/ryobo/Desktop/task3/myapp/db/neo4j/development/lib/neo4j-kernel-api-3.4.1.jar
2021-11-07 07:30:32.973+0000 INFO [o.n.k.i.DiagnosticsManager]  [classpath + loader.0] file:/Users/ryobo/Desktop/task3/myapp/db/neo4j/development/lib/neo4j-cypher-planner-spi-3.4-3.4.1.jar
2021-11-07 07:30:32.973+0000 INFO [o.n.k.i.DiagnosticsManager]  [classpath + loader.0] file:/Users/ryobo/Desktop/task3/myapp/db/neo4j/development/lib/neo4j-unsafe-3.4.1.jar
2021-11-07 07:30:32.973+0000 INFO [o.n.k.i.DiagnosticsManager]  [classpath + loader.0] file:/Users/ryobo/Desktop/task3/myapp/db/neo4j/development/lib/bcpkix-jdk15on-1.59.jar
2021-11-07 07:30:32.974+0000 INFO [o.n.k.i.DiagnosticsManager]  [classpath + loader.0] file:/Users/ryobo/Desktop/task3/myapp/db/neo4j/development/lib/neo4j-cypher-frontend-3.1-3.1.8.jar
2021-11-07 07:30:32.974+0000 INFO [o.n.k.i.DiagnosticsManager]  [classpath + loader.0] file:/Users/ryobo/Desktop/task3/myapp/db/neo4j/development/lib/scala-reflect-2.11.12.jar
2021-11-07 07:30:32.974+0000 INFO [o.n.k.i.DiagnosticsManager]  [classpath + loader.0] file:/Users/ryobo/Desktop/task3/myapp/db/neo4j/development/lib/neo4j-graphdb-api-3.4.1.jar
2021-11-07 07:30:32.974+0000 INFO [o.n.k.i.DiagnosticsManager]  [classpath + loader.0] file:/Users/ryobo/Desktop/task3/myapp/db/neo4j/development/lib/neo4j-csv-3.4.1.jar
2021-11-07 07:30:32.975+0000 INFO [o.n.k.i.DiagnosticsManager]  [classpath + loader.0] file:/Users/ryobo/Desktop/task3/myapp/db/neo4j/development/lib/neo4j-configuration-3.4.1.jar
2021-11-07 07:30:32.976+0000 INFO [o.n.k.i.DiagnosticsManager]  [classpath + loader.0] file:/Users/ryobo/Desktop/task3/myapp/db/neo4j/development/lib/jline-2.12.jar
2021-11-07 07:30:32.976+0000 INFO [o.n.k.i.DiagnosticsManager]  [classpath + loader.0] file:/Users/ryobo/Desktop/task3/myapp/db/neo4j/development/conf/
2021-11-07 07:30:32.976+0000 INFO [o.n.k.i.DiagnosticsManager]  [classpath + loader.0] file:/Users/ryobo/Desktop/task3/myapp/db/neo4j/development/lib/commons-logging-1.1.1.jar
2021-11-07 07:30:32.976+0000 INFO [o.n.k.i.DiagnosticsManager]  [classpath + loader.0] file:/Users/ryobo/Desktop/task3/myapp/db/neo4j/development/lib/neo4j-cypher-util-3.4-3.4.1.jar
2021-11-07 07:30:32.976+0000 INFO [o.n.k.i.DiagnosticsManager]  [classpath + loader.0] file:/Users/ryobo/Desktop/task3/myapp/db/neo4j/development/lib/neo4j-consistency-check-3.4.1.jar
2021-11-07 07:30:32.976+0000 INFO [o.n.k.i.DiagnosticsManager]  [classpath + loader.0] file:/Users/ryobo/Desktop/task3/myapp/db/neo4j/development/lib/neo4j-lucene-upgrade-3.4.1.jar
2021-11-07 07:30:32.976+0000 INFO [o.n.k.i.DiagnosticsManager]  [classpath + loader.0] file:/Users/ryobo/Desktop/task3/myapp/db/neo4j/development/lib/jetty-io-9.4.8.v20171121.jar
2021-11-07 07:30:32.976+0000 INFO [o.n.k.i.DiagnosticsManager]  [classpath + loader.0] file:/Users/ryobo/Desktop/task3/myapp/db/neo4j/development/lib/neo4j-dbms-3.4.1.jar
2021-11-07 07:30:32.976+0000 INFO [o.n.k.i.DiagnosticsManager]  [classpath + loader.0] file:/Users/ryobo/Desktop/task3/myapp/db/neo4j/development/lib/neo4j-command-line-3.4.1.jar
2021-11-07 07:30:32.976+0000 INFO [o.n.k.i.DiagnosticsManager]  [classpath + loader.0] file:/Users/ryobo/Desktop/task3/myapp/db/neo4j/development/lib/neo4j-cypher-ir-3.4-3.4.1.jar
2021-11-07 07:30:32.977+0000 INFO [o.n.k.i.DiagnosticsManager]  [classpath + loader.0] file:/Users/ryobo/Desktop/task3/myapp/db/neo4j/development/lib/parboiled-core-1.1.7.jar
2021-11-07 07:30:32.977+0000 INFO [o.n.k.i.DiagnosticsManager]  [classpath + loader.0] file:/Users/ryobo/Desktop/task3/myapp/db/neo4j/development/lib/neo4j-cypher-logical-plans-3.4-3.4.1.jar
2021-11-07 07:30:32.977+0000 INFO [o.n.k.i.DiagnosticsManager]  [loader.1] file:/Library/Java/JavaVirtualMachines/adoptopenjdk-8.jdk/Contents/Home/jre/lib/ext/jaccess.jar
2021-11-07 07:30:32.977+0000 INFO [o.n.k.i.DiagnosticsManager]  [classpath + loader.0] file:/Users/ryobo/Desktop/task3/myapp/db/neo4j/development/lib/WMI4Java-1.6.1.jar
2021-11-07 07:30:32.977+0000 INFO [o.n.k.i.DiagnosticsManager]  [classpath + loader.0] file:/Users/ryobo/Desktop/task3/myapp/db/neo4j/development/lib/neo4j-cypher-frontend-2.3-2.3.12.jar
2021-11-07 07:30:32.977+0000 INFO [o.n.k.i.DiagnosticsManager]  [classpath + loader.0] file:/Users/ryobo/Desktop/task3/myapp/db/neo4j/development/lib/neo4j-values-3.4.1.jar
2021-11-07 07:30:32.977+0000 INFO [o.n.k.i.DiagnosticsManager]  [bootstrap] /Library/Java/JavaVirtualMachines/adoptopenjdk-8.jdk/Contents/Home/jre/lib/jce.jar
2021-11-07 07:30:32.977+0000 INFO [o.n.k.i.DiagnosticsManager]  [classpath + loader.0] file:/Users/ryobo/Desktop/task3/myapp/db/neo4j/development/lib/jersey-core-1.19.3.jar
2021-11-07 07:30:32.977+0000 INFO [o.n.k.i.DiagnosticsManager]  [classpath + loader.0] file:/Users/ryobo/Desktop/task3/myapp/db/neo4j/development/lib/jetty-util-9.4.8.v20171121.jar
2021-11-07 07:30:32.977+0000 INFO [o.n.k.i.DiagnosticsManager]  [classpath + loader.0] file:/Users/ryobo/Desktop/task3/myapp/db/neo4j/development/lib/neo4j-spatial-index-3.4.1.jar
2021-11-07 07:30:32.977+0000 INFO [o.n.k.i.DiagnosticsManager]  [classpath + loader.0] file:/Users/ryobo/Desktop/task3/myapp/db/neo4j/development/lib/neo4j-common-3.4.1.jar
2021-11-07 07:30:32.977+0000 INFO [o.n.k.i.DiagnosticsManager]  [classpath + loader.0] file:/Users/ryobo/Desktop/task3/myapp/db/neo4j/development/lib/jetty-xml-9.4.8.v20171121.jar
2021-11-07 07:30:32.977+0000 INFO [o.n.k.i.DiagnosticsManager]  [classpath + loader.0] file:/Users/ryobo/Desktop/task3/myapp/db/neo4j/development/lib/neo4j-shell-3.4.1.jar
2021-11-07 07:30:32.977+0000 INFO [o.n.k.i.DiagnosticsManager]  [classpath + loader.0] file:/Users/ryobo/Desktop/task3/myapp/db/neo4j/development/lib/jackson-core-asl-1.9.13.jar
2021-11-07 07:30:32.977+0000 INFO [o.n.k.i.DiagnosticsManager]  [classpath + loader.0] file:/Users/ryobo/Desktop/task3/myapp/db/neo4j/development/lib/lucene-codecs-5.5.5.jar
2021-11-07 07:30:32.977+0000 INFO [o.n.k.i.DiagnosticsManager]  [classpath + loader.0] file:/Users/ryobo/Desktop/task3/myapp/db/neo4j/development/lib/neo4j-security-3.4.1.jar
2021-11-07 07:30:32.978+0000 INFO [o.n.k.i.DiagnosticsManager]  [classpath + loader.0] file:/Users/ryobo/Desktop/task3/myapp/db/neo4j/development/lib/parboiled-scala_2.11-1.1.7.jar
2021-11-07 07:30:32.978+0000 INFO [o.n.k.i.DiagnosticsManager]  [classpath + loader.0] file:/Users/ryobo/Desktop/task3/myapp/db/neo4j/development/lib/neo4j-bolt-3.4.1.jar
2021-11-07 07:30:32.978+0000 INFO [o.n.k.i.DiagnosticsManager]  [bootstrap] /Library/Java/JavaVirtualMachines/adoptopenjdk-8.jdk/Contents/Home/jre/lib/resources.jar
2021-11-07 07:30:32.978+0000 INFO [o.n.k.i.DiagnosticsManager]  [classpath + loader.0] file:/Users/ryobo/Desktop/task3/myapp/db/neo4j/development/lib/neo4j-import-tool-3.4.1.jar
2021-11-07 07:30:32.978+0000 INFO [o.n.k.i.DiagnosticsManager]  [classpath + loader.0] file:/Users/ryobo/Desktop/task3/myapp/db/neo4j/development/lib/scala-library-2.11.12.jar
2021-11-07 07:30:32.978+0000 INFO [o.n.k.i.DiagnosticsManager]  [bootstrap] /Library/Java/JavaVirtualMachines/adoptopenjdk-8.jdk/Contents/Home/jre/lib/rt.jar
2021-11-07 07:30:32.978+0000 INFO [o.n.k.i.DiagnosticsManager]  [loader.1] file:/Library/Java/JavaVirtualMachines/adoptopenjdk-8.jdk/Contents/Home/jre/lib/ext/localedata.jar
2021-11-07 07:30:32.978+0000 INFO [o.n.k.i.DiagnosticsManager]  [classpath + loader.0] file:/Users/ryobo/Desktop/task3/myapp/db/neo4j/development/lib/neo4j-codegen-3.4.1.jar
2021-11-07 07:30:32.978+0000 INFO [o.n.k.i.DiagnosticsManager]  [classpath + loader.0] file:/Users/ryobo/Desktop/task3/myapp/db/neo4j/development/lib/neo4j-ssl-3.4.1.jar
2021-11-07 07:30:32.978+0000 INFO [o.n.k.i.DiagnosticsManager]  [classpath + loader.0] file:/Users/ryobo/Desktop/task3/myapp/db/neo4j/development/lib/lucene-queryparser-5.5.5.jar
2021-11-07 07:30:32.978+0000 INFO [o.n.k.i.DiagnosticsManager]  [classpath + loader.0] file:/Users/ryobo/Desktop/task3/myapp/db/neo4j/development/lib/caffeine-2.6.2.jar
2021-11-07 07:30:32.978+0000 INFO [o.n.k.i.DiagnosticsManager]  [classpath + loader.0] file:/Users/ryobo/Desktop/task3/myapp/db/neo4j/development/lib/jetty-servlet-9.4.8.v20171121.jar
2021-11-07 07:30:32.978+0000 INFO [o.n.k.i.DiagnosticsManager]  [classpath + loader.0] file:/Users/ryobo/Desktop/task3/myapp/db/neo4j/development/lib/neo4j-graph-algo-3.4.1.jar
2021-11-07 07:30:32.981+0000 INFO [o.n.k.i.DiagnosticsManager]  [classpath + loader.0] file:/Users/ryobo/Desktop/task3/myapp/db/neo4j/development/lib/neo4j-server-3.4.1.jar
2021-11-07 07:30:32.981+0000 INFO [o.n.k.i.DiagnosticsManager]  [classpath + loader.0] file:/Users/ryobo/Desktop/task3/myapp/db/neo4j/development/lib/neo4j-cypher-expression-3.4-3.4.1.jar
2021-11-07 07:30:32.981+0000 INFO [o.n.k.i.DiagnosticsManager]  [classpath + loader.0] file:/Users/ryobo/Desktop/task3/myapp/db/neo4j/development/lib/neo4j-resource-3.4.1.jar
2021-11-07 07:30:32.981+0000 INFO [o.n.k.i.DiagnosticsManager]  [classpath + loader.0] file:/Users/ryobo/Desktop/task3/myapp/db/neo4j/development/lib/concurrentlinkedhashmap-lru-1.4.2.jar
2021-11-07 07:30:32.981+0000 INFO [o.n.k.i.DiagnosticsManager]  [loader.1] file:/Library/Java/JavaVirtualMachines/adoptopenjdk-8.jdk/Contents/Home/jre/lib/ext/sunec.jar
2021-11-07 07:30:32.981+0000 INFO [o.n.k.i.DiagnosticsManager]  [classpath + loader.0] file:/Users/ryobo/Desktop/task3/myapp/db/neo4j/development/lib/neo4j-cypher-compiler-2.3-2.3.12.jar
2021-11-07 07:30:32.981+0000 INFO [o.n.k.i.DiagnosticsManager]  [bootstrap] /Library/Java/JavaVirtualMachines/adoptopenjdk-8.jdk/Contents/Home/jre/lib/charsets.jar
2021-11-07 07:30:32.981+0000 INFO [o.n.k.i.DiagnosticsManager]  [classpath + loader.0] file:/Users/ryobo/Desktop/task3/myapp/db/neo4j/development/lib/jPowerShell-1.9.jar
2021-11-07 07:30:32.981+0000 INFO [o.n.k.i.DiagnosticsManager]  [classpath + loader.0] file:/Users/ryobo/Desktop/task3/myapp/db/neo4j/development/lib/jersey-servlet-1.19.3.jar
2021-11-07 07:30:32.981+0000 INFO [o.n.k.i.DiagnosticsManager]  [classpath + loader.0] file:/Users/ryobo/Desktop/task3/myapp/db/neo4j/development/lib/objenesis-2.6.jar
2021-11-07 07:30:32.981+0000 INFO [o.n.k.i.DiagnosticsManager]  [classpath + loader.0] file:/Users/ryobo/Desktop/task3/myapp/db/neo4j/development/lib/commons-compress-1.16.1.jar
2021-11-07 07:30:32.981+0000 INFO [o.n.k.i.DiagnosticsManager]  [classpath + loader.0] file:/Users/ryobo/Desktop/task3/myapp/db/neo4j/development/lib/neo4j-lucene-index-3.4.1.jar
2021-11-07 07:30:32.981+0000 INFO [o.n.k.i.DiagnosticsManager]  [bootstrap] /Library/Java/JavaVirtualMachines/adoptopenjdk-8.jdk/Contents/Home/jre/lib/sunrsasign.jar
2021-11-07 07:30:32.981+0000 INFO [o.n.k.i.DiagnosticsManager]  [loader.1] file:/Library/Java/JavaVirtualMachines/adoptopenjdk-8.jdk/Contents/Home/jre/lib/ext/sunjce_provider.jar
2021-11-07 07:30:32.982+0000 INFO [o.n.k.i.DiagnosticsManager]  [loader.1] file:/Library/Java/JavaVirtualMachines/adoptopenjdk-8.jdk/Contents/Home/jre/lib/ext/nashorn.jar
2021-11-07 07:30:32.982+0000 INFO [o.n.k.i.DiagnosticsManager]  [classpath + loader.0] file:/Users/ryobo/Desktop/task3/myapp/db/neo4j/development/lib/neo4j-cypher-planner-3.4-3.4.1.jar
2021-11-07 07:30:32.982+0000 INFO [o.n.k.i.DiagnosticsManager]  [classpath + loader.0] file:/Users/ryobo/Desktop/task3/myapp/db/neo4j/development/lib/neo4j-udc-3.4.1.jar
2021-11-07 07:30:32.982+0000 INFO [o.n.k.i.DiagnosticsManager]  [classpath + loader.0] file:/Users/ryobo/Desktop/task3/myapp/db/neo4j/development/lib/neo4j-jmx-3.4.1.jar
2021-11-07 07:30:32.982+0000 INFO [o.n.k.i.DiagnosticsManager]  [classpath + loader.0] file:/Users/ryobo/Desktop/task3/myapp/db/neo4j/development/lib/neo4j-cypher-runtime-util-3.4.1.jar
2021-11-07 07:30:32.982+0000 INFO [o.n.k.i.DiagnosticsManager]  [classpath + loader.0] file:/Users/ryobo/Desktop/task3/myapp/db/neo4j/development/lib/lucene-analyzers-common-5.5.5.jar
2021-11-07 07:30:32.982+0000 INFO [o.n.k.i.DiagnosticsManager]  [classpath + loader.0] file:/Users/ryobo/Desktop/task3/myapp/db/neo4j/development/lib/jackson-mapper-asl-1.9.13.jar
2021-11-07 07:30:32.982+0000 INFO [o.n.k.i.DiagnosticsManager]  [loader.1] file:/System/Library/Java/Extensions/MRJToolkit.jar
2021-11-07 07:30:32.982+0000 INFO [o.n.k.i.DiagnosticsManager]  [classpath + loader.0] file:/Users/ryobo/Desktop/task3/myapp/db/neo4j/development/lib/jackson-jaxrs-1.9.13.jar
2021-11-07 07:30:32.982+0000 INFO [o.n.k.i.DiagnosticsManager]  [classpath + loader.0] file:/Users/ryobo/Desktop/task3/myapp/db/neo4j/development/lib/neo4j-io-3.4.1.jar
2021-11-07 07:30:32.982+0000 INFO [o.n.k.i.DiagnosticsManager]  [classpath + loader.0] file:/Users/ryobo/Desktop/task3/myapp/db/neo4j/development/lib/jetty-webapp-9.4.8.v20171121.jar
2021-11-07 07:30:32.982+0000 INFO [o.n.k.i.DiagnosticsManager]  [classpath + loader.0] file:/Users/ryobo/Desktop/task3/myapp/db/neo4j/development/lib/neo4j-cypher-frontend-3.3-3.3.5.jar
2021-11-07 07:30:32.982+0000 INFO [o.n.k.i.DiagnosticsManager]  [classpath + loader.0] file:/Users/ryobo/Desktop/task3/myapp/db/neo4j/development/lib/neo4j-graph-matching-3.1.6.jar
2021-11-07 07:30:32.983+0000 INFO [o.n.k.i.DiagnosticsManager]  [classpath + loader.0] file:/Users/ryobo/Desktop/task3/myapp/db/neo4j/development/lib/neo4j-cypher-3.4.1.jar
2021-11-07 07:30:32.983+0000 INFO [o.n.k.i.DiagnosticsManager]  [classpath + loader.0] file:/Users/ryobo/Desktop/task3/myapp/db/neo4j/development/lib/commons-lang-2.6.jar
2021-11-07 07:30:32.983+0000 INFO [o.n.k.i.DiagnosticsManager]  [classpath + loader.0] file:/Users/ryobo/Desktop/task3/myapp/db/neo4j/development/lib/commons-lang3-3.7.jar
2021-11-07 07:30:32.983+0000 INFO [o.n.k.i.DiagnosticsManager]  [classpath + loader.0] file:/Users/ryobo/Desktop/task3/myapp/db/neo4j/development/lib/jetty-http-9.4.8.v20171121.jar
2021-11-07 07:30:32.983+0000 INFO [o.n.k.i.DiagnosticsManager]  [loader.1] file:/Library/Java/JavaVirtualMachines/adoptopenjdk-8.jdk/Contents/Home/jre/lib/ext/sunpkcs11.jar
2021-11-07 07:30:32.983+0000 INFO [o.n.k.i.DiagnosticsManager]  [classpath + loader.0] file:/Users/ryobo/Desktop/task3/myapp/db/neo4j/development/lib/rhino-1.7.9.jar
2021-11-07 07:30:32.983+0000 INFO [o.n.k.i.DiagnosticsManager]  [classpath + loader.0] file:/Users/ryobo/Desktop/task3/myapp/db/neo4j/development/lib/jetty-security-9.4.8.v20171121.jar
2021-11-07 07:30:32.983+0000 INFO [o.n.k.i.DiagnosticsManager]  [classpath + loader.0] file:/Users/ryobo/Desktop/task3/myapp/db/neo4j/development/plugins/
2021-11-07 07:30:32.983+0000 INFO [o.n.k.i.DiagnosticsManager]  [classpath + loader.0] file:/Users/ryobo/Desktop/task3/myapp/db/neo4j/development/lib/javax.servlet-api-3.1.0.jar
2021-11-07 07:30:32.983+0000 INFO [o.n.k.i.DiagnosticsManager]  [classpath + loader.0] file:/Users/ryobo/Desktop/task3/myapp/db/neo4j/development/lib/neo4j-cypher-interpreted-runtime-3.4.1.jar
2021-11-07 07:30:32.983+0000 INFO [o.n.k.i.DiagnosticsManager]  [classpath + loader.0] file:/Users/ryobo/Desktop/task3/myapp/db/neo4j/development/lib/jersey-server-1.19.3.jar
2021-11-07 07:30:32.984+0000 INFO [o.n.k.i.DiagnosticsManager]  [classpath + loader.0] file:/Users/ryobo/Desktop/task3/myapp/db/neo4j/development/lib/neo4j-cypher-ir-3.3-3.3.5.jar
2021-11-07 07:30:32.984+0000 INFO [o.n.k.i.DiagnosticsManager]  [classpath + loader.0] file:/Users/ryobo/Desktop/task3/myapp/db/neo4j/development/lib/netty-all-4.1.24.Final.jar
2021-11-07 07:30:32.984+0000 INFO [o.n.k.i.DiagnosticsManager]  [loader.1] file:/Library/Java/JavaVirtualMachines/adoptopenjdk-8.jdk/Contents/Home/jre/lib/ext/dnsns.jar
2021-11-07 07:30:32.984+0000 INFO [o.n.k.i.DiagnosticsManager]  [classpath + loader.0] file:/Users/ryobo/Desktop/task3/myapp/db/neo4j/development/lib/commons-text-1.3.jar
2021-11-07 07:30:32.984+0000 INFO [o.n.k.i.DiagnosticsManager]  [classpath + loader.0] file:/Users/ryobo/Desktop/task3/myapp/db/neo4j/development/lib/jProcesses-1.6.4.jar
2021-11-07 07:30:32.984+0000 INFO [o.n.k.i.DiagnosticsManager]  [classpath + loader.0] file:/Users/ryobo/Desktop/task3/myapp/db/neo4j/development/lib/server-api-3.4.1.jar
2021-11-07 07:30:32.984+0000 INFO [o.n.k.i.DiagnosticsManager]  [classpath + loader.0] file:/Users/ryobo/Desktop/task3/myapp/db/neo4j/development/lib/commons-configuration-1.10.jar
2021-11-07 07:30:32.984+0000 INFO [o.n.k.i.DiagnosticsManager]  [classpath + loader.0] file:/Users/ryobo/Desktop/task3/myapp/db/neo4j/development/lib/neo4j-browser-3.1.14.jar
2021-11-07 07:30:32.984+0000 INFO [o.n.k.i.DiagnosticsManager]  [classpath + loader.0] file:/Library/Java/JavaVirtualMachines/adoptopenjdk-8.jdk/Contents/Home/lib/tools.jar
2021-11-07 07:30:32.984+0000 INFO [o.n.k.i.DiagnosticsManager]  [bootstrap] /Library/Java/JavaVirtualMachines/adoptopenjdk-8.jdk/Contents/Home/jre/lib/jsse.jar
2021-11-07 07:30:32.984+0000 INFO [o.n.k.i.DiagnosticsManager]  [classpath + loader.0] file:/Users/ryobo/Desktop/task3/myapp/db/neo4j/development/lib/neo4j-cypher-logical-plans-3.3-3.3.5.jar
2021-11-07 07:30:32.984+0000 INFO [o.n.k.i.DiagnosticsManager]  [classpath + loader.0] file:/Users/ryobo/Desktop/task3/myapp/db/neo4j/development/lib/opencsv-2.3.jar
2021-11-07 07:30:32.984+0000 INFO [o.n.k.i.DiagnosticsManager]  [loader.1] file:/Library/Java/JavaVirtualMachines/adoptopenjdk-8.jdk/Contents/Home/jre/lib/ext/zipfs.jar
2021-11-07 07:30:32.984+0000 INFO [o.n.k.i.DiagnosticsManager]  [classpath + loader.0] file:/Users/ryobo/Desktop/task3/myapp/db/neo4j/development/lib/neo4j-cypher-compiler-3.3-3.3.5.jar
2021-11-07 07:30:32.984+0000 INFO [o.n.k.i.DiagnosticsManager]  [classpath + loader.0] file:/Users/ryobo/Desktop/task3/myapp/db/neo4j/development/lib/bcprov-jdk15on-1.59.jar
2021-11-07 07:30:32.984+0000 INFO [o.n.k.i.DiagnosticsManager]  [classpath + loader.0] file:/Users/ryobo/Desktop/task3/myapp/db/neo4j/development/lib/neo4j-collections-3.4.1.jar
2021-11-07 07:30:32.985+0000 INFO [o.n.k.i.DiagnosticsManager] Library path:
2021-11-07 07:30:32.985+0000 INFO [o.n.k.i.DiagnosticsManager] /Users/ryobo/Library/Java/Extensions
2021-11-07 07:30:32.993+0000 INFO [o.n.k.i.DiagnosticsManager] /Library/Java/Extensions
2021-11-07 07:30:32.993+0000 INFO [o.n.k.i.DiagnosticsManager] /Network/Library/Java/Extensions
2021-11-07 07:30:32.996+0000 INFO [o.n.k.i.DiagnosticsManager] /System/Library/Java/Extensions
2021-11-07 07:30:32.997+0000 INFO [o.n.k.i.DiagnosticsManager] /usr/lib/java
2021-11-07 07:30:32.999+0000 INFO [o.n.k.i.DiagnosticsManager] /Users/ryobo/Desktop/task3/myapp
2021-11-07 07:30:33.000+0000 INFO [o.n.k.i.DiagnosticsManager] System.properties:
2021-11-07 07:30:33.007+0000 INFO [o.n.k.i.DiagnosticsManager] sun.boot.library.path = /Library/Java/JavaVirtualMachines/adoptopenjdk-8.jdk/Contents/Home/jre/lib
2021-11-07 07:30:33.007+0000 INFO [o.n.k.i.DiagnosticsManager] jdk.tls.rejectClientInitiatedRenegotiation = true
2021-11-07 07:30:33.008+0000 INFO [o.n.k.i.DiagnosticsManager] gopherProxySet = false
2021-11-07 07:30:33.009+0000 INFO [o.n.k.i.DiagnosticsManager] path.separator = :
2021-11-07 07:30:33.009+0000 INFO [o.n.k.i.DiagnosticsManager] file.encoding.pkg = sun.io
2021-11-07 07:30:33.009+0000 INFO [o.n.k.i.DiagnosticsManager] user.country = JP
2021-11-07 07:30:33.009+0000 INFO [o.n.k.i.DiagnosticsManager] sun.java.launcher = SUN_STANDARD
2021-11-07 07:30:33.009+0000 INFO [o.n.k.i.DiagnosticsManager] sun.os.patch.level = unknown
2021-11-07 07:30:33.009+0000 INFO [o.n.k.i.DiagnosticsManager] user.dir = /Users/ryobo/Desktop/task3/myapp
2021-11-07 07:30:33.009+0000 INFO [o.n.k.i.DiagnosticsManager] sun.jnu.encoding = UTF-8
2021-11-07 07:30:33.009+0000 INFO [o.n.k.i.DiagnosticsManager] unsupported.dbms.udc.source = tarball
2021-11-07 07:30:33.009+0000 INFO [o.n.k.i.DiagnosticsManager] sun.management.compiler = HotSpot 64-Bit Tiered Compilers
2021-11-07 07:30:33.009+0000 INFO [o.n.k.i.DiagnosticsManager] http.nonProxyHosts = local|*.local|169.254/16|*.169.254/16
2021-11-07 07:30:33.009+0000 INFO [o.n.k.i.DiagnosticsManager] user.home = /Users/ryobo
2021-11-07 07:30:33.009+0000 INFO [o.n.k.i.DiagnosticsManager] user.timezone = Asia/Tokyo
2021-11-07 07:30:33.009+0000 INFO [o.n.k.i.DiagnosticsManager] file.encoding = UTF-8
2021-11-07 07:30:33.009+0000 INFO [o.n.k.i.DiagnosticsManager] user.name = ryobo
2021-11-07 07:30:33.009+0000 INFO [o.n.k.i.DiagnosticsManager] sun.java.command = org.neo4j.server.CommunityEntryPoint --home-dir=/Users/ryobo/Desktop/task3/myapp/db/neo4j/development --config-dir=/Users/ryobo/Desktop/task3/myapp/db/neo4j/development/conf
2021-11-07 07:30:33.009+0000 INFO [o.n.k.i.DiagnosticsManager] sun.arch.data.model = 64
2021-11-07 07:30:33.009+0000 INFO [o.n.k.i.DiagnosticsManager] user.language = ja
2021-11-07 07:30:33.009+0000 INFO [o.n.k.i.DiagnosticsManager] awt.toolkit = sun.lwawt.macosx.LWCToolkit
2021-11-07 07:30:33.009+0000 INFO [o.n.k.i.DiagnosticsManager] jdk.tls.ephemeralDHKeySize = 2048
2021-11-07 07:30:33.010+0000 INFO [o.n.k.i.DiagnosticsManager] file.separator = /
2021-11-07 07:30:33.010+0000 INFO [o.n.k.i.DiagnosticsManager] sun.io.unicode.encoding = UnicodeBig
2021-11-07 07:30:33.010+0000 INFO [o.n.k.i.DiagnosticsManager] sun.cpu.endian = little
2021-11-07 07:30:33.010+0000 INFO [o.n.k.i.DiagnosticsManager] socksNonProxyHosts = local|*.local|169.254/16|*.169.254/16
2021-11-07 07:30:33.010+0000 INFO [o.n.k.i.DiagnosticsManager] ftp.nonProxyHosts = local|*.local|169.254/16|*.169.254/16
2021-11-07 07:30:33.010+0000 INFO [o.n.k.i.DiagnosticsManager] sun.cpu.isalist = 
2021-11-07 07:30:33.010+0000 INFO [o.n.k.i.DiagnosticsManager] (IANA) TimeZone Database Version:
2021-11-07 07:30:33.117+0000 INFO [o.n.k.i.DiagnosticsManager]   TimeZone version: 2021a (available for 600 zone identifiers)
2021-11-07 07:30:33.117+0000 INFO [o.n.k.i.DiagnosticsManager] Network information:
2021-11-07 07:30:33.132+0000 INFO [o.n.k.i.DiagnosticsManager] Interface utun3:
2021-11-07 07:30:33.133+0000 INFO [o.n.k.i.DiagnosticsManager]     address: fe80:0:0:0:286c:6f0c:806e:46b1%utun3
2021-11-07 07:30:33.133+0000 INFO [o.n.k.i.DiagnosticsManager] Interface utun2:
2021-11-07 07:30:33.133+0000 INFO [o.n.k.i.DiagnosticsManager]     address: fe80:0:0:0:1e8e:e75e:b39b:fc8%utun2
2021-11-07 07:30:33.133+0000 INFO [o.n.k.i.DiagnosticsManager] Interface utun1:
2021-11-07 07:30:33.133+0000 INFO [o.n.k.i.DiagnosticsManager]     address: fe80:0:0:0:7207:af86:3091:93%utun1
2021-11-07 07:30:33.133+0000 INFO [o.n.k.i.DiagnosticsManager] Interface utun0:
2021-11-07 07:30:33.133+0000 INFO [o.n.k.i.DiagnosticsManager]     address: fe80:0:0:0:1515:c2bd:71e2:c4e2%utun0
2021-11-07 07:30:33.133+0000 INFO [o.n.k.i.DiagnosticsManager] Interface llw0:
2021-11-07 07:30:33.133+0000 INFO [o.n.k.i.DiagnosticsManager]     address: fe80:0:0:0:9819:c8ff:fe76:ce0c%llw0
2021-11-07 07:30:33.133+0000 INFO [o.n.k.i.DiagnosticsManager] Interface awdl0:
2021-11-07 07:30:33.133+0000 INFO [o.n.k.i.DiagnosticsManager]     address: fe80:0:0:0:9819:c8ff:fe76:ce0c%awdl0
2021-11-07 07:30:33.134+0000 INFO [o.n.k.i.DiagnosticsManager] Interface en0:
2021-11-07 07:30:33.134+0000 INFO [o.n.k.i.DiagnosticsManager]     address: 240f:d8:134:1:25b2:3d7b:8270:6a5c%en0
2021-11-07 07:30:33.134+0000 INFO [o.n.k.i.DiagnosticsManager]     address: 240f:d8:134:1:1c28:811f:e649:c8c8%en0
2021-11-07 07:30:33.134+0000 INFO [o.n.k.i.DiagnosticsManager]     address: fe80:0:0:0:c90:3739:6264:3e1%en0
2021-11-07 07:30:33.134+0000 INFO [o.n.k.i.DiagnosticsManager]     address: 192.168.1.232
2021-11-07 07:30:33.134+0000 INFO [o.n.k.i.DiagnosticsManager] Interface lo0:
2021-11-07 07:30:33.134+0000 INFO [o.n.k.i.DiagnosticsManager]     address: fe80:0:0:0:0:0:0:1%lo0
2021-11-07 07:30:33.134+0000 INFO [o.n.k.i.DiagnosticsManager]     address: 0:0:0:0:0:0:0:1%lo0
2021-11-07 07:30:33.134+0000 INFO [o.n.k.i.DiagnosticsManager]     address: 127.0.0.1
2021-11-07 07:30:33.134+0000 INFO [o.n.k.i.DiagnosticsManager] --- INITIALIZED diagnostics END ---
2021-11-07 07:30:34.781+0000 INFO [o.n.b.BoltKernelExtension] Bolt Server extension loaded.
2021-11-07 07:30:35.308+0000 INFO [o.n.k.i.s.f.RecordFormatSelector] Selected format 'RecordFormat:StandardV3_4[v0.A.9]' for the new store
2021-11-07 07:30:35.985+0000 INFO [o.n.k.i.i.l.NativeLabelScanStore] No scan store found, this might just be first use. Preparing to rebuild.
2021-11-07 07:30:36.053+0000 INFO [o.n.k.NeoStoreDataSource] Rotated to transaction log [/Users/ryobo/Desktop/task3/myapp/db/neo4j/development/data/databases/graph.db/neostore.transaction.db.0] version=0, last transaction in previous log=1
2021-11-07 07:30:36.055+0000 INFO [o.n.k.NeoStoreDataSource] No commits found after last check point (which is at <no log position given>)
2021-11-07 07:30:36.070+0000 WARN [o.n.k.i.s.MetaDataStore] Missing counts store, rebuilding it.
2021-11-07 07:30:36.224+0000 WARN [o.n.k.i.s.MetaDataStore] Counts store rebuild completed.
2021-11-07 07:30:36.250+0000 INFO [o.n.k.i.i.l.NativeLabelScanStore] Rebuilding scan store, this may take a while
2021-11-07 07:30:36.265+0000 INFO [o.n.k.i.i.l.NativeLabelScanStore] Scan store rebuilt (roughly 0 nodes)
2021-11-07 07:30:36.317+0000 INFO [o.n.k.i.DatabaseHealth] Database health set to OK
2021-11-07 07:30:37.807+0000 INFO [o.n.b.BoltKernelExtension] Bolt enabled on localhost:7472.
2021-11-07 07:30:37.827+0000 INFO [o.n.k.AvailabilityGuard] Fulfilling of requirement makes database available: Database available
2021-11-07 07:30:37.830+0000 INFO [o.n.k.i.f.GraphDatabaseFacadeFactory] Database is now ready
2021-11-07 07:30:37.831+0000 INFO [o.n.k.i.DiagnosticsManager] --- STARTED diagnostics for KernelDiagnostics:Versions START ---
2021-11-07 07:30:37.832+0000 INFO [o.n.k.i.DiagnosticsManager] Graph Database: community single StoreId{creationTime=1636270235687, randomId=8570523810208346905, storeVersion=16094931155187206, upgradeTime=1636270235687, upgradeId=1}
2021-11-07 07:30:37.832+0000 INFO [o.n.k.i.DiagnosticsManager] Kernel version: 3.4.1,bf2fd1991decc5b49b63105e793230f19ccf6f15
2021-11-07 07:30:37.832+0000 INFO [o.n.k.i.DiagnosticsManager] --- STARTED diagnostics for KernelDiagnostics:Versions END ---
2021-11-07 07:30:37.839+0000 INFO [o.n.k.i.DiagnosticsManager] --- STARTED diagnostics for NEO_STORE_VERSIONS START ---
2021-11-07 07:30:37.839+0000 INFO [o.n.k.i.DiagnosticsManager] Store versions:
2021-11-07 07:30:37.839+0000 INFO [o.n.k.i.DiagnosticsManager] Store versions:
2021-11-07 07:30:37.840+0000 INFO [o.n.k.i.DiagnosticsManager]   ArrayPropertyStore v0.A.9
2021-11-07 07:30:37.840+0000 INFO [o.n.k.i.DiagnosticsManager]   NodeStore v0.A.9
2021-11-07 07:30:37.840+0000 INFO [o.n.k.i.DiagnosticsManager]   StringPropertyStore v0.A.9
2021-11-07 07:30:37.840+0000 INFO [o.n.k.i.DiagnosticsManager]   PropertyIndexStore v0.A.9
2021-11-07 07:30:37.840+0000 INFO [o.n.k.i.DiagnosticsManager]   StringPropertyStore v0.A.9
2021-11-07 07:30:37.841+0000 INFO [o.n.k.i.DiagnosticsManager]   ArrayPropertyStore v0.A.9
2021-11-07 07:30:37.841+0000 INFO [o.n.k.i.DiagnosticsManager]   PropertyStore v0.A.9
2021-11-07 07:30:37.841+0000 INFO [o.n.k.i.DiagnosticsManager]   RelationshipStore v0.A.9
2021-11-07 07:30:37.841+0000 INFO [o.n.k.i.DiagnosticsManager]   StringPropertyStore v0.A.9
2021-11-07 07:30:37.841+0000 INFO [o.n.k.i.DiagnosticsManager]   RelationshipTypeStore v0.A.9
2021-11-07 07:30:37.841+0000 INFO [o.n.k.i.DiagnosticsManager]   StringPropertyStore v0.A.9
2021-11-07 07:30:37.841+0000 INFO [o.n.k.i.DiagnosticsManager]   LabelTokenStore v0.A.9
2021-11-07 07:30:37.842+0000 INFO [o.n.k.i.DiagnosticsManager]   SchemaStore v0.A.9
2021-11-07 07:30:37.842+0000 INFO [o.n.k.i.DiagnosticsManager]   RelationshipGroupStore v0.A.9
2021-11-07 07:30:37.842+0000 INFO [o.n.k.i.DiagnosticsManager]   NeoStore v0.A.9
2021-11-07 07:30:37.842+0000 INFO [o.n.k.i.DiagnosticsManager] --- STARTED diagnostics for NEO_STORE_VERSIONS END ---
2021-11-07 07:30:37.842+0000 INFO [o.n.k.i.DiagnosticsManager] --- STARTED diagnostics for NEO_STORE_ID_USAGE START ---
2021-11-07 07:30:37.842+0000 INFO [o.n.k.i.DiagnosticsManager] Id usage:
2021-11-07 07:30:37.842+0000 INFO [o.n.k.i.DiagnosticsManager] Id usage:
2021-11-07 07:30:37.843+0000 INFO [o.n.k.i.DiagnosticsManager]   ArrayPropertyStore: used=1 high=0
2021-11-07 07:30:37.843+0000 INFO [o.n.k.i.DiagnosticsManager]   NodeStore: used=0 high=-1
2021-11-07 07:30:37.844+0000 INFO [o.n.k.i.DiagnosticsManager]   StringPropertyStore: used=1 high=0
2021-11-07 07:30:37.844+0000 INFO [o.n.k.i.DiagnosticsManager]   PropertyIndexStore: used=0 high=-1
2021-11-07 07:30:37.844+0000 INFO [o.n.k.i.DiagnosticsManager]   StringPropertyStore: used=1 high=0
2021-11-07 07:30:37.845+0000 INFO [o.n.k.i.DiagnosticsManager]   ArrayPropertyStore: used=1 high=0
2021-11-07 07:30:37.845+0000 INFO [o.n.k.i.DiagnosticsManager]   PropertyStore: used=0 high=-1
2021-11-07 07:30:37.845+0000 INFO [o.n.k.i.DiagnosticsManager]   RelationshipStore: used=0 high=-1
2021-11-07 07:30:37.845+0000 INFO [o.n.k.i.DiagnosticsManager]   StringPropertyStore: used=1 high=0
2021-11-07 07:30:37.845+0000 INFO [o.n.k.i.DiagnosticsManager]   RelationshipTypeStore: used=0 high=-1
2021-11-07 07:30:37.846+0000 INFO [o.n.k.i.DiagnosticsManager]   StringPropertyStore: used=1 high=0
2021-11-07 07:30:37.846+0000 INFO [o.n.k.i.DiagnosticsManager]   LabelTokenStore: used=0 high=-1
2021-11-07 07:30:37.846+0000 INFO [o.n.k.i.DiagnosticsManager]   SchemaStore: used=1 high=0
2021-11-07 07:30:37.846+0000 INFO [o.n.k.i.DiagnosticsManager]   RelationshipGroupStore: used=1 high=0
2021-11-07 07:30:37.846+0000 INFO [o.n.k.i.DiagnosticsManager]   NeoStore: used=15 high=14
2021-11-07 07:30:37.846+0000 INFO [o.n.k.i.DiagnosticsManager] --- STARTED diagnostics for NEO_STORE_ID_USAGE END ---
2021-11-07 07:30:37.846+0000 INFO [o.n.k.i.DiagnosticsManager] --- STARTED diagnostics for NEO_STORE_RECORDS START ---
2021-11-07 07:30:37.847+0000 INFO [o.n.k.i.DiagnosticsManager] Neostore records:
2021-11-07 07:30:37.848+0000 INFO [o.n.k.i.DiagnosticsManager] TIME (Creation time): 1636270235687
2021-11-07 07:30:37.848+0000 INFO [o.n.k.i.DiagnosticsManager] RANDOM_NUMBER (Random number for store id): 8570523810208346905
2021-11-07 07:30:37.848+0000 INFO [o.n.k.i.DiagnosticsManager] LOG_VERSION (Current log version): 0
2021-11-07 07:30:37.848+0000 INFO [o.n.k.i.DiagnosticsManager] LAST_TRANSACTION_ID (Last committed transaction): 1
2021-11-07 07:30:37.848+0000 INFO [o.n.k.i.DiagnosticsManager] STORE_VERSION (Store format version): 16094931155187206
2021-11-07 07:30:37.848+0000 INFO [o.n.k.i.DiagnosticsManager] FIRST_GRAPH_PROPERTY (First property record containing graph properties): -1
2021-11-07 07:30:37.849+0000 INFO [o.n.k.i.DiagnosticsManager] LAST_CONSTRAINT_TRANSACTION (Last committed transaction containing constraint changes): 0
2021-11-07 07:30:37.849+0000 INFO [o.n.k.i.DiagnosticsManager] UPGRADE_TRANSACTION_ID (Transaction id most recent upgrade was performed at): 1
2021-11-07 07:30:37.849+0000 INFO [o.n.k.i.DiagnosticsManager] UPGRADE_TIME (Time of last upgrade): 1636270235687
2021-11-07 07:30:37.849+0000 INFO [o.n.k.i.DiagnosticsManager] LAST_TRANSACTION_CHECKSUM (Checksum of last committed transaction): 0
2021-11-07 07:30:37.849+0000 INFO [o.n.k.i.DiagnosticsManager] UPGRADE_TRANSACTION_CHECKSUM (Checksum of transaction id the most recent upgrade was performed at): 0
2021-11-07 07:30:37.849+0000 INFO [o.n.k.i.DiagnosticsManager] LAST_CLOSED_TRANSACTION_LOG_VERSION (Log version where the last transaction commit entry has been written into): 0
2021-11-07 07:30:37.849+0000 INFO [o.n.k.i.DiagnosticsManager] LAST_CLOSED_TRANSACTION_LOG_BYTE_OFFSET (Byte offset in the log file where the last transaction commit entry has been written into): 16
2021-11-07 07:30:37.849+0000 INFO [o.n.k.i.DiagnosticsManager] LAST_TRANSACTION_COMMIT_TIMESTAMP (Commit time timestamp for last committed transaction): 0
2021-11-07 07:30:37.850+0000 INFO [o.n.k.i.DiagnosticsManager] UPGRADE_TRANSACTION_COMMIT_TIMESTAMP (Commit timestamp of transaction the most recent upgrade was performed at): 0
2021-11-07 07:30:37.850+0000 INFO [o.n.k.i.DiagnosticsManager] --- STARTED diagnostics for NEO_STORE_RECORDS END ---
2021-11-07 07:30:37.851+0000 INFO [o.n.k.i.DiagnosticsManager] --- STARTED diagnostics for TRANSACTION_RANGE START ---
2021-11-07 07:30:37.852+0000 INFO [o.n.k.i.DiagnosticsManager] Transaction log:
2021-11-07 07:30:37.854+0000 INFO [o.n.k.i.DiagnosticsManager] No transactions found in any log
2021-11-07 07:30:37.854+0000 INFO [o.n.k.i.DiagnosticsManager] --- STARTED diagnostics for TRANSACTION_RANGE END ---
2021-11-07 07:30:37.855+0000 INFO [o.n.k.i.DiagnosticsManager] --- STARTED diagnostics for KernelDiagnostics:StoreFiles START ---
2021-11-07 07:30:37.855+0000 INFO [o.n.k.i.DiagnosticsManager] Disk space on partition (Total / Free / Free %): 121123069952 / 21134381056 / 17
2021-11-07 07:30:37.855+0000 INFO [o.n.k.i.DiagnosticsManager] Storage files: (filename : modification date - size)
2021-11-07 07:30:37.856+0000 INFO [o.n.k.i.DiagnosticsManager]   index:
2021-11-07 07:30:37.857+0000 INFO [o.n.k.i.DiagnosticsManager]   - Total: 2021-11-07T16:30:35+0900 - 0.00 B
2021-11-07 07:30:37.858+0000 INFO [o.n.k.i.DiagnosticsManager]   neostore: 2021-11-07T16:30:35+0900 - 8.00 kB
2021-11-07 07:30:37.858+0000 INFO [o.n.k.i.DiagnosticsManager]   neostore.counts.db.a: 2021-11-07T16:30:36+0900 - 96.00 B
2021-11-07 07:30:37.859+0000 INFO [o.n.k.i.DiagnosticsManager]   neostore.id: 2021-11-07T16:30:35+0900 - 9.00 B
2021-11-07 07:30:37.859+0000 INFO [o.n.k.i.DiagnosticsManager]   neostore.labelscanstore.db: 2021-11-07T16:30:36+0900 - 40.00 kB
2021-11-07 07:30:37.860+0000 INFO [o.n.k.i.DiagnosticsManager]   neostore.labeltokenstore.db: 2021-11-07T16:30:35+0900 - 0.00 B
2021-11-07 07:30:37.860+0000 INFO [o.n.k.i.DiagnosticsManager]   neostore.labeltokenstore.db.id: 2021-11-07T16:30:35+0900 - 9.00 B
2021-11-07 07:30:37.862+0000 INFO [o.n.k.i.DiagnosticsManager]   neostore.labeltokenstore.db.names: 2021-11-07T16:30:35+0900 - 8.00 kB
2021-11-07 07:30:37.863+0000 INFO [o.n.k.i.DiagnosticsManager]   neostore.labeltokenstore.db.names.id: 2021-11-07T16:30:35+0900 - 9.00 B
2021-11-07 07:30:37.863+0000 INFO [o.n.k.i.DiagnosticsManager]   neostore.nodestore.db: 2021-11-07T16:30:35+0900 - 0.00 B
2021-11-07 07:30:37.864+0000 INFO [o.n.k.i.DiagnosticsManager]   neostore.nodestore.db.id: 2021-11-07T16:30:35+0900 - 9.00 B
2021-11-07 07:30:37.864+0000 INFO [o.n.k.i.DiagnosticsManager]   neostore.nodestore.db.labels: 2021-11-07T16:30:35+0900 - 8.00 kB
2021-11-07 07:30:37.864+0000 INFO [o.n.k.i.DiagnosticsManager]   neostore.nodestore.db.labels.id: 2021-11-07T16:30:35+0900 - 9.00 B
2021-11-07 07:30:37.865+0000 INFO [o.n.k.i.DiagnosticsManager]   neostore.propertystore.db: 2021-11-07T16:30:35+0900 - 0.00 B
2021-11-07 07:30:37.870+0000 INFO [o.n.k.i.DiagnosticsManager]   neostore.propertystore.db.arrays: 2021-11-07T16:30:35+0900 - 8.00 kB
2021-11-07 07:30:37.871+0000 INFO [o.n.k.i.DiagnosticsManager]   neostore.propertystore.db.arrays.id: 2021-11-07T16:30:35+0900 - 9.00 B
2021-11-07 07:30:37.871+0000 INFO [o.n.k.i.DiagnosticsManager]   neostore.propertystore.db.id: 2021-11-07T16:30:35+0900 - 9.00 B
2021-11-07 07:30:37.871+0000 INFO [o.n.k.i.DiagnosticsManager]   neostore.propertystore.db.index: 2021-11-07T16:30:35+0900 - 0.00 B
2021-11-07 07:30:37.872+0000 INFO [o.n.k.i.DiagnosticsManager]   neostore.propertystore.db.index.id: 2021-11-07T16:30:35+0900 - 9.00 B
2021-11-07 07:30:37.872+0000 INFO [o.n.k.i.DiagnosticsManager]   neostore.propertystore.db.index.keys: 2021-11-07T16:30:35+0900 - 8.00 kB
2021-11-07 07:30:37.872+0000 INFO [o.n.k.i.DiagnosticsManager]   neostore.propertystore.db.index.keys.id: 2021-11-07T16:30:35+0900 - 9.00 B
2021-11-07 07:30:37.873+0000 INFO [o.n.k.i.DiagnosticsManager]   neostore.propertystore.db.strings: 2021-11-07T16:30:35+0900 - 8.00 kB
2021-11-07 07:30:37.873+0000 INFO [o.n.k.i.DiagnosticsManager]   neostore.propertystore.db.strings.id: 2021-11-07T16:30:35+0900 - 9.00 B
2021-11-07 07:30:37.873+0000 INFO [o.n.k.i.DiagnosticsManager]   neostore.relationshipgroupstore.db: 2021-11-07T16:30:35+0900 - 8.00 kB
2021-11-07 07:30:37.874+0000 INFO [o.n.k.i.DiagnosticsManager]   neostore.relationshipgroupstore.db.id: 2021-11-07T16:30:35+0900 - 9.00 B
2021-11-07 07:30:37.874+0000 INFO [o.n.k.i.DiagnosticsManager]   neostore.relationshipstore.db: 2021-11-07T16:30:35+0900 - 0.00 B
2021-11-07 07:30:37.875+0000 INFO [o.n.k.i.DiagnosticsManager]   neostore.relationshipstore.db.id: 2021-11-07T16:30:35+0900 - 9.00 B
2021-11-07 07:30:37.875+0000 INFO [o.n.k.i.DiagnosticsManager]   neostore.relationshiptypestore.db: 2021-11-07T16:30:35+0900 - 0.00 B
2021-11-07 07:30:37.875+0000 INFO [o.n.k.i.DiagnosticsManager]   neostore.relationshiptypestore.db.id: 2021-11-07T16:30:35+0900 - 9.00 B
2021-11-07 07:30:37.877+0000 INFO [o.n.k.i.DiagnosticsManager]   neostore.relationshiptypestore.db.names: 2021-11-07T16:30:35+0900 - 8.00 kB
2021-11-07 07:30:37.877+0000 INFO [o.n.k.i.DiagnosticsManager]   neostore.relationshiptypestore.db.names.id: 2021-11-07T16:30:35+0900 - 9.00 B
2021-11-07 07:30:37.878+0000 INFO [o.n.k.i.DiagnosticsManager]   neostore.schemastore.db: 2021-11-07T16:30:35+0900 - 8.00 kB
2021-11-07 07:30:37.878+0000 INFO [o.n.k.i.DiagnosticsManager]   neostore.schemastore.db.id: 2021-11-07T16:30:35+0900 - 9.00 B
2021-11-07 07:30:37.878+0000 INFO [o.n.k.i.DiagnosticsManager]   neostore.transaction.db.0: 2021-11-07T16:30:36+0900 - 16.00 B
2021-11-07 07:30:37.879+0000 INFO [o.n.k.i.DiagnosticsManager]   store_lock: 2021-11-07T16:30:35+0900 - 0.00 B
2021-11-07 07:30:37.879+0000 INFO [o.n.k.i.DiagnosticsManager] Storage summary: 
2021-11-07 07:30:37.879+0000 INFO [o.n.k.i.DiagnosticsManager]   Total size of store: 112.24 kB
2021-11-07 07:30:37.879+0000 INFO [o.n.k.i.DiagnosticsManager]   Total size of mapped files: 112.00 kB
2021-11-07 07:30:37.879+0000 INFO [o.n.k.i.DiagnosticsManager] --- STARTED diagnostics for KernelDiagnostics:StoreFiles END ---
2021-11-07 07:30:43.570+0000 INFO [o.n.k.i.DiagnosticsManager] --- SERVER STARTED START ---
2021-11-07 07:30:45.797+0000 INFO [o.n.k.i.DiagnosticsManager] --- SERVER STARTED END ---
2021-11-07 08:33:22.422+0000 INFO [o.n.k.i.a.i.IndexPopulationJob] Index population started: [:Neo4j::Migrations::SchemaMigration(migration_id) [provider: {key=lucene+native, version=2.0}]]
2021-11-07 08:33:22.694+0000 INFO [o.n.k.i.a.i.IndexPopulationJob] Completed node store scan. Flushing all pending updates.
BatchingMultipleIndexPopulator{activeTasks=0, executor=java.util.concurrent.ThreadPoolExecutor@6e67852[Running, pool size = 1, active threads = 0, queued tasks = 0, completed tasks = 1], batchedUpdates = [0 updates], queuedUpdates = 0}
2021-11-07 08:33:22.695+0000 INFO [o.n.k.i.a.i.IndexPopulationJob] Shutting down executor.
BatchingMultipleIndexPopulator{activeTasks=0, executor=java.util.concurrent.ThreadPoolExecutor@6e67852[Running, pool size = 2, active threads = 0, queued tasks = 0, completed tasks = 2], batchedUpdates = [0 updates], queuedUpdates = 0}
2021-11-07 08:33:22.776+0000 INFO [o.n.k.i.a.i.IndexPopulationJob] Index population completed. Index [:Neo4j::Migrations::SchemaMigration(migration_id) [provider: {key=lucene+native, version=2.0}]] is POPULATING.
2021-11-07 08:33:23.202+0000 INFO [o.n.k.i.a.i.IndexPopulationJob] Index population started: [:Univ(code) [provider: {key=lucene+native, version=2.0}]]
2021-11-07 08:33:23.234+0000 INFO [o.n.k.i.a.i.IndexPopulationJob] Completed node store scan. Flushing all pending updates.
BatchingMultipleIndexPopulator{activeTasks=1, executor=java.util.concurrent.ThreadPoolExecutor@e98f4d2[Running, pool size = 1, active threads = 1, queued tasks = 0, completed tasks = 0], batchedUpdates = [0 updates], queuedUpdates = 0}
2021-11-07 08:33:23.235+0000 INFO [o.n.k.i.a.i.IndexPopulationJob] Shutting down executor.
BatchingMultipleIndexPopulator{activeTasks=0, executor=java.util.concurrent.ThreadPoolExecutor@e98f4d2[Running, pool size = 2, active threads = 0, queued tasks = 0, completed tasks = 2], batchedUpdates = [0 updates], queuedUpdates = 0}
2021-11-07 08:33:23.254+0000 INFO [o.n.k.i.a.i.IndexPopulationJob] Index population completed. Index [:Univ(code) [provider: {key=lucene+native, version=2.0}]] is POPULATING.
2021-11-07 08:33:27.442+0000 INFO [o.n.k.i.t.l.c.CheckPointerImpl] Checkpoint triggered by scheduler for time threshold @ txId: 12 checkpoint started...
2021-11-07 08:33:27.480+0000 INFO [o.n.k.i.s.c.CountsTracker] Rotated counts store at transaction 12 to [/Users/ryobo/Desktop/task3/myapp/db/neo4j/development/data/databases/graph.db/neostore.counts.db.b], from [/Users/ryobo/Desktop/task3/myapp/db/neo4j/development/data/databases/graph.db/neostore.counts.db.a].
2021-11-07 08:33:27.490+0000 INFO [o.n.k.i.t.l.c.CheckPointerImpl] Checkpoint triggered by scheduler for time threshold @ txId: 12 checkpoint completed in 46ms
2021-11-07 08:33:27.493+0000 INFO [o.n.k.i.t.l.p.LogPruningImpl] No log version pruned, last checkpoint was made in version 0
2021-11-07 08:35:32.669+0000 INFO [o.n.k.i.a.i.IndexPopulationJob] Index population started: [:Faculty(code) [provider: {key=lucene+native, version=2.0}]]
2021-11-07 08:35:32.694+0000 INFO [o.n.k.i.a.i.IndexPopulationJob] Completed node store scan. Flushing all pending updates.
BatchingMultipleIndexPopulator{activeTasks=1, executor=java.util.concurrent.ThreadPoolExecutor@7f8c219b[Running, pool size = 1, active threads = 1, queued tasks = 0, completed tasks = 0], batchedUpdates = [0 updates], queuedUpdates = 0}
2021-11-07 08:35:32.695+0000 INFO [o.n.k.i.a.i.IndexPopulationJob] Shutting down executor.
BatchingMultipleIndexPopulator{activeTasks=1, executor=java.util.concurrent.ThreadPoolExecutor@7f8c219b[Running, pool size = 2, active threads = 1, queued tasks = 0, completed tasks = 1], batchedUpdates = [0 updates], queuedUpdates = 0}
2021-11-07 08:35:32.713+0000 INFO [o.n.k.i.a.i.IndexPopulationJob] Index population completed. Index [:Faculty(code) [provider: {key=lucene+native, version=2.0}]] is POPULATING.
2021-11-07 08:48:27.838+0000 INFO [o.n.k.i.t.l.c.CheckPointerImpl] Checkpoint triggered by scheduler for time threshold @ txId: 17 checkpoint started...
2021-11-07 08:48:27.897+0000 INFO [o.n.k.i.s.c.CountsTracker] Rotated counts store at transaction 17 to [/Users/ryobo/Desktop/task3/myapp/db/neo4j/development/data/databases/graph.db/neostore.counts.db.a], from [/Users/ryobo/Desktop/task3/myapp/db/neo4j/development/data/databases/graph.db/neostore.counts.db.b].
2021-11-07 08:48:27.910+0000 INFO [o.n.k.i.t.l.c.CheckPointerImpl] Checkpoint triggered by scheduler for time threshold @ txId: 17 checkpoint completed in 69ms
2021-11-07 08:48:27.910+0000 INFO [o.n.k.i.t.l.p.LogPruningImpl] No log version pruned, last checkpoint was made in version 0
2021-11-07 11:15:49.948+0000 INFO [o.n.k.i.a.i.IndexPopulationJob] Index population started: [:(code) [provider: {key=lucene+native, version=2.0}]]
2021-11-07 11:15:49.986+0000 INFO [o.n.k.i.a.i.IndexPopulationJob] Completed node store scan. Flushing all pending updates.
BatchingMultipleIndexPopulator{activeTasks=1, executor=java.util.concurrent.ThreadPoolExecutor@375c406d[Running, pool size = 1, active threads = 0, queued tasks = 0, completed tasks = 1], batchedUpdates = [0 updates], queuedUpdates = 0}
2021-11-07 11:15:49.987+0000 INFO [o.n.k.i.a.i.IndexPopulationJob] Shutting down executor.
BatchingMultipleIndexPopulator{activeTasks=1, executor=java.util.concurrent.ThreadPoolExecutor@375c406d[Running, pool size = 2, active threads = 1, queued tasks = 0, completed tasks = 1], batchedUpdates = [0 updates], queuedUpdates = 0}
2021-11-07 11:15:50.021+0000 INFO [o.n.k.i.a.i.IndexPopulationJob] Index population completed. Index [:(code) [provider: {key=lucene+native, version=2.0}]] is POPULATING.
2021-11-07 11:15:55.370+0000 INFO [o.n.k.i.t.l.c.CheckPointerImpl] Checkpoint triggered by scheduler for time threshold @ txId: 22 checkpoint started...
2021-11-07 11:15:55.425+0000 INFO [o.n.k.i.s.c.CountsTracker] Rotated counts store at transaction 22 to [/Users/ryobo/Desktop/task3/myapp/db/neo4j/development/data/databases/graph.db/neostore.counts.db.b], from [/Users/ryobo/Desktop/task3/myapp/db/neo4j/development/data/databases/graph.db/neostore.counts.db.a].
2021-11-07 11:15:55.443+0000 INFO [o.n.k.i.t.l.c.CheckPointerImpl] Checkpoint triggered by scheduler for time threshold @ txId: 22 checkpoint completed in 72ms
2021-11-07 11:15:55.443+0000 INFO [o.n.k.i.t.l.p.LogPruningImpl] No log version pruned, last checkpoint was made in version 0
2021-11-07 11:17:37.369+0000 INFO [o.n.k.i.a.i.IndexPopulationJob] Index population started: [:(code) [provider: {key=lucene+native, version=2.0}]]
2021-11-07 11:17:37.393+0000 INFO [o.n.k.i.a.i.IndexPopulationJob] Completed node store scan. Flushing all pending updates.
BatchingMultipleIndexPopulator{activeTasks=1, executor=java.util.concurrent.ThreadPoolExecutor@6b8ba7e0[Running, pool size = 1, active threads = 1, queued tasks = 0, completed tasks = 0], batchedUpdates = [0 updates], queuedUpdates = 0}
2021-11-07 11:17:37.393+0000 INFO [o.n.k.i.a.i.IndexPopulationJob] Shutting down executor.
BatchingMultipleIndexPopulator{activeTasks=1, executor=java.util.concurrent.ThreadPoolExecutor@6b8ba7e0[Running, pool size = 2, active threads = 1, queued tasks = 0, completed tasks = 1], batchedUpdates = [0 updates], queuedUpdates = 0}
2021-11-07 11:17:37.417+0000 INFO [o.n.k.i.a.i.IndexPopulationJob] Index population completed. Index [:(code) [provider: {key=lucene+native, version=2.0}]] is POPULATING.
2021-11-07 11:18:14.777+0000 INFO [o.n.c.i.CommunityCompatibilityFactory] Discarded stale query from the query cache after 10 seconds: MATCH (n:``) WHERE (n.name = {n_name}) RETURN n LIMIT {limit_1}
2021-11-07 11:18:14.779+0000 INFO [o.n.c.i.ExecutionEngine] Discarded stale query from the query cache after 10 seconds: MATCH (n:``) WHERE (n.name = {n_name}) RETURN n LIMIT {limit_1}
2021-11-07 11:19:33.129+0000 INFO [o.n.c.i.CommunityCompatibilityFactory] Discarded stale query from the query cache after 78 seconds: MATCH (n:``) WHERE (n.name = {n_name}) RETURN n LIMIT {limit_1}
2021-11-07 11:19:33.130+0000 INFO [o.n.c.i.ExecutionEngine] Discarded stale query from the query cache after 78 seconds: MATCH (n:``) WHERE (n.name = {n_name}) RETURN n LIMIT {limit_1}
2021-11-07 11:30:55.715+0000 INFO [o.n.k.i.t.l.c.CheckPointerImpl] Checkpoint triggered by scheduler for time threshold @ txId: 2971 checkpoint started...
2021-11-07 11:30:55.795+0000 INFO [o.n.k.i.s.c.CountsTracker] Rotated counts store at transaction 2971 to [/Users/ryobo/Desktop/task3/myapp/db/neo4j/development/data/databases/graph.db/neostore.counts.db.a], from [/Users/ryobo/Desktop/task3/myapp/db/neo4j/development/data/databases/graph.db/neostore.counts.db.b].
2021-11-07 11:30:55.870+0000 INFO [o.n.k.i.t.l.c.CheckPointerImpl] Checkpoint triggered by scheduler for time threshold @ txId: 2971 checkpoint completed in 153ms
2021-11-07 11:30:55.871+0000 INFO [o.n.k.i.t.l.p.LogPruningImpl] No log version pruned, last checkpoint was made in version 0
2021-11-07 11:45:56.147+0000 INFO [o.n.k.i.t.l.c.CheckPointerImpl] Checkpoint triggered by scheduler for time threshold @ txId: 2972 checkpoint started...
2021-11-07 11:45:56.202+0000 INFO [o.n.k.i.s.c.CountsTracker] Rotated counts store at transaction 2972 to [/Users/ryobo/Desktop/task3/myapp/db/neo4j/development/data/databases/graph.db/neostore.counts.db.b], from [/Users/ryobo/Desktop/task3/myapp/db/neo4j/development/data/databases/graph.db/neostore.counts.db.a].
2021-11-07 11:45:56.220+0000 INFO [o.n.k.i.t.l.c.CheckPointerImpl] Checkpoint triggered by scheduler for time threshold @ txId: 2972 checkpoint completed in 70ms
2021-11-07 11:45:56.221+0000 INFO [o.n.k.i.t.l.p.LogPruningImpl] No log version pruned, last checkpoint was made in version 0
2021-11-07 11:55:37.641+0000 INFO [o.n.c.i.CommunityCompatibilityFactory] Discarded stale query from the query cache after 2280 seconds: MATCH (n:`Neo4j::Migrations::SchemaMigration`) RETURN n
2021-11-07 11:55:37.645+0000 INFO [o.n.c.i.ExecutionEngine] Discarded stale query from the query cache after 2280 seconds: MATCH (n:`Neo4j::Migrations::SchemaMigration`) RETURN n
2021-11-07 13:43:44.199+0000 INFO [o.n.k.i.a.i.IndexPopulationJob] Index population started: [:University(uuid) [provider: {key=lucene+native, version=2.0}]]
2021-11-07 13:43:44.258+0000 INFO [o.n.k.i.a.i.IndexPopulationJob] Completed node store scan. Flushing all pending updates.
BatchingMultipleIndexPopulator{activeTasks=0, executor=java.util.concurrent.ThreadPoolExecutor@493ba331[Running, pool size = 1, active threads = 0, queued tasks = 0, completed tasks = 1], batchedUpdates = [0 updates], queuedUpdates = 0}
2021-11-07 13:43:44.259+0000 INFO [o.n.k.i.a.i.IndexPopulationJob] Shutting down executor.
BatchingMultipleIndexPopulator{activeTasks=1, executor=java.util.concurrent.ThreadPoolExecutor@493ba331[Running, pool size = 2, active threads = 1, queued tasks = 0, completed tasks = 1], batchedUpdates = [0 updates], queuedUpdates = 0}
2021-11-07 13:43:44.305+0000 INFO [o.n.k.i.a.i.IndexPopulationJob] Index population completed. Index [:University(uuid) [provider: {key=lucene+native, version=2.0}]] is POPULATING.
2021-11-07 13:43:44.401+0000 INFO [o.n.k.i.a.i.IndexPopulationJob] Index population started: [:Faculty(uuid) [provider: {key=lucene+native, version=2.0}]]
2021-11-07 13:43:44.452+0000 INFO [o.n.k.i.a.i.IndexPopulationJob] Completed node store scan. Flushing all pending updates.
BatchingMultipleIndexPopulator{activeTasks=1, executor=java.util.concurrent.ThreadPoolExecutor@16aa440f[Running, pool size = 1, active threads = 1, queued tasks = 0, completed tasks = 0], batchedUpdates = [0 updates], queuedUpdates = 0}
2021-11-07 13:43:44.453+0000 INFO [o.n.k.i.a.i.IndexPopulationJob] Shutting down executor.
BatchingMultipleIndexPopulator{activeTasks=1, executor=java.util.concurrent.ThreadPoolExecutor@16aa440f[Running, pool size = 2, active threads = 1, queued tasks = 0, completed tasks = 1], batchedUpdates = [0 updates], queuedUpdates = 0}
2021-11-07 13:43:44.478+0000 INFO [o.n.k.i.a.i.IndexPopulationJob] Index population completed. Index [:Faculty(uuid) [provider: {key=lucene+native, version=2.0}]] is POPULATING.
2021-11-07 13:43:52.750+0000 INFO [o.n.k.i.t.l.c.CheckPointerImpl] Checkpoint triggered by scheduler for time threshold @ txId: 2982 checkpoint started...
2021-11-07 13:43:52.819+0000 INFO [o.n.k.i.s.c.CountsTracker] Rotated counts store at transaction 2982 to [/Users/ryobo/Desktop/task3/myapp/db/neo4j/development/data/databases/graph.db/neostore.counts.db.a], from [/Users/ryobo/Desktop/task3/myapp/db/neo4j/development/data/databases/graph.db/neostore.counts.db.b].
2021-11-07 13:43:52.826+0000 INFO [o.n.k.i.t.l.c.CheckPointerImpl] Checkpoint triggered by scheduler for time threshold @ txId: 2982 checkpoint completed in 74ms
2021-11-07 13:43:52.827+0000 INFO [o.n.k.i.t.l.p.LogPruningImpl] No log version pruned, last checkpoint was made in version 0
2021-11-07 14:30:20.891+0000 INFO [o.n.k.i.t.l.c.CheckPointerImpl] Checkpoint triggered by scheduler for time threshold @ txId: 3018 checkpoint started...
2021-11-07 14:30:20.954+0000 INFO [o.n.k.i.s.c.CountsTracker] Rotated counts store at transaction 3018 to [/Users/ryobo/Desktop/task3/myapp/db/neo4j/development/data/databases/graph.db/neostore.counts.db.b], from [/Users/ryobo/Desktop/task3/myapp/db/neo4j/development/data/databases/graph.db/neostore.counts.db.a].
2021-11-07 14:30:20.960+0000 INFO [o.n.k.i.t.l.c.CheckPointerImpl] Checkpoint triggered by scheduler for time threshold @ txId: 3018 checkpoint completed in 65ms
2021-11-07 14:30:20.960+0000 INFO [o.n.k.i.t.l.p.LogPruningImpl] No log version pruned, last checkpoint was made in version 0
2021-11-07 14:31:59.011+0000 INFO [o.n.c.i.CommunityCompatibilityFactory] Discarded stale query from the query cache after 107 seconds: MATCH (n:``) WHERE (n.name = {n_name}) RETURN n LIMIT {limit_1}
2021-11-07 14:31:59.021+0000 INFO [o.n.c.i.ExecutionEngine] Discarded stale query from the query cache after 107 seconds: MATCH (n:``) WHERE (n.name = {n_name}) RETURN n LIMIT {limit_1}
2021-11-07 14:31:59.123+0000 INFO [o.n.c.i.CommunityCompatibilityFactory] Discarded stale query from the query cache after 107 seconds: MATCH (n:``) WHERE (n.name = {n_name}) RETURN n LIMIT {limit_1}
2021-11-07 14:31:59.124+0000 INFO [o.n.c.i.ExecutionEngine] Discarded stale query from the query cache after 107 seconds: MATCH (n:``) WHERE (n.name = {n_name}) RETURN n LIMIT {limit_1}
2021-11-07 14:32:09.164+0000 INFO [o.n.c.i.CommunityCompatibilityFactory] Discarded stale query from the query cache after 10 seconds: MATCH (n:``) WHERE (n.name = {n_name}) RETURN n LIMIT {limit_1}
2021-11-07 14:32:09.165+0000 INFO [o.n.c.i.ExecutionEngine] Discarded stale query from the query cache after 10 seconds: MATCH (n:``) WHERE (n.name = {n_name}) RETURN n LIMIT {limit_1}
2021-11-07 14:32:09.328+0000 INFO [o.n.c.i.CommunityCompatibilityFactory] Discarded stale query from the query cache after 10 seconds: MATCH (n:``) WHERE (n.name = {n_name}) RETURN n LIMIT {limit_1}
2021-11-07 14:32:09.329+0000 INFO [o.n.c.i.ExecutionEngine] Discarded stale query from the query cache after 10 seconds: MATCH (n:``) WHERE (n.name = {n_name}) RETURN n LIMIT {limit_1}
2021-11-07 14:32:39.684+0000 INFO [o.n.c.i.CommunityCompatibilityFactory] Discarded stale query from the query cache after 30 seconds: MATCH (n:``) WHERE (n.name = {n_name}) RETURN n LIMIT {limit_1}
2021-11-07 14:32:39.685+0000 INFO [o.n.c.i.ExecutionEngine] Discarded stale query from the query cache after 30 seconds: MATCH (n:``) WHERE (n.name = {n_name}) RETURN n LIMIT {limit_1}
2021-11-07 14:32:49.187+0000 INFO [o.n.c.i.CommunityCompatibilityFactory] Discarded stale query from the query cache after 40 seconds: MATCH (n:``) WHERE (n.name = {n_name}) RETURN n LIMIT {limit_1}
2021-11-07 14:32:49.187+0000 INFO [o.n.c.i.ExecutionEngine] Discarded stale query from the query cache after 40 seconds: MATCH (n:``) WHERE (n.name = {n_name}) RETURN n LIMIT {limit_1}
2021-11-07 14:33:50.329+0000 INFO [o.n.c.i.CommunityCompatibilityFactory] Discarded stale query from the query cache after 70 seconds: MATCH (n:``) WHERE (n.name = {n_name}) RETURN n LIMIT {limit_1}
2021-11-07 14:33:50.330+0000 INFO [o.n.c.i.ExecutionEngine] Discarded stale query from the query cache after 70 seconds: MATCH (n:``) WHERE (n.name = {n_name}) RETURN n LIMIT {limit_1}
2021-11-07 14:34:11.433+0000 INFO [o.n.c.i.CommunityCompatibilityFactory] Discarded stale query from the query cache after 3013 seconds: MATCH (a)-[r]->(b) WHERE id(a) IN $existingNodeIds AND id(b) IN $newNodeIds RETURN r;
2021-11-07 14:34:11.435+0000 INFO [o.n.c.i.ExecutionEngine] Discarded stale query from the query cache after 3013 seconds: MATCH (a)-[r]->(b) WHERE id(a) IN $existingNodeIds AND id(b) IN $newNodeIds RETURN r;
